This file contains any messages produced by compilers while
running configure, to aid debugging if configure makes a mistake.

It was created by RTcmix configure 4.0, which was
generated by GNU Autoconf 2.61.  Invocation command line was

  $ ./configure 

## --------- ##
## Platform. ##
## --------- ##

hostname = woofing
uname -m = x86_64
uname -r = 12.4.0
uname -s = Darwin
uname -v = Darwin Kernel Version 12.4.0: Wed May  1 17:57:12 PDT 2013; root:xnu-2050.24.15~1/RELEASE_X86_64

/usr/bin/uname -p = i386
/bin/uname -X     = unknown

/bin/arch              = unknown
/usr/bin/arch -k       = unknown
/usr/convex/getsysinfo = unknown
/usr/bin/hostinfo      = Mach kernel version:
	 Darwin Kernel Version 12.4.0: Wed May  1 17:57:12 PDT 2013; root:xnu-2050.24.15~1/RELEASE_X86_64
Kernel configured for up to 8 processors.
4 processors are physically available.
8 processors are logically available.
Processor type: i486 (Intel 80486)
Processors active: 0 1 2 3 4 5 6 7
Primary memory available: 4.00 gigabytes
Default processor set: 118 tasks, 567 threads, 8 processors
Load average: 1.22, Mach factor: 6.77
/bin/machine           = unknown
/usr/bin/oslevel       = unknown
/bin/universe          = unknown

PATH: /Users/brad/bin
PATH: /usr/bin
PATH: /bin
PATH: /usr/sbin
PATH: /sbin
PATH: /usr/local/bin
PATH: /opt/X11/bin
PATH: /usr/local/bin
PATH: /usr/local/src/RTcmix/bin
PATH: .


## ----------- ##
## Core tests. ##
## ----------- ##

configure:1797: checking build system type
configure:1815: result: i686-apple-darwin12.4.0
configure:1837: checking host system type
configure:1852: result: i686-apple-darwin12.4.0
configure:1945: checking for gcc
configure:1961: found /usr/bin/gcc
configure:1972: result: gcc
configure:2210: checking for C compiler version
configure:2217: gcc --version >&5
i686-apple-darwin11-llvm-gcc-4.2 (GCC) 4.2.1 (Based on Apple Inc. build 5658) (LLVM build 2336.11.00)
Copyright (C) 2007 Free Software Foundation, Inc.
This is free software; see the source for copying conditions.  There is NO
warranty; not even for MERCHANTABILITY or FITNESS FOR A PARTICULAR PURPOSE.

configure:2220: $? = 0
configure:2227: gcc -v >&5
Using built-in specs.
Target: i686-apple-darwin11
Configured with: /private/var/tmp/llvmgcc42/llvmgcc42-2336.11~182/src/configure --disable-checking --enable-werror --prefix=/Applications/Xcode.app/Contents/Developer/usr/llvm-gcc-4.2 --mandir=/share/man --enable-languages=c,objc,c++,obj-c++ --program-prefix=llvm- --program-transform-name=/^[cg][^.-]*$/s/$/-4.2/ --with-slibdir=/usr/lib --build=i686-apple-darwin11 --enable-llvm=/private/var/tmp/llvmgcc42/llvmgcc42-2336.11~182/dst-llvmCore/Developer/usr/local --program-prefix=i686-apple-darwin11- --host=x86_64-apple-darwin11 --target=i686-apple-darwin11 --with-gxx-include-dir=/usr/include/c++/4.2.1
Thread model: posix
gcc version 4.2.1 (Based on Apple Inc. build 5658) (LLVM build 2336.11.00)
configure:2230: $? = 0
configure:2237: gcc -V >&5
llvm-gcc-4.2: argument to `-V' is missing
configure:2240: $? = 1
configure:2263: checking for C compiler default output file name
configure:2290: gcc    conftest.c  >&5
configure:2293: $? = 0
configure:2331: result: a.out
configure:2348: checking whether the C compiler works
configure:2358: ./a.out
configure:2361: $? = 0
configure:2378: result: yes
configure:2385: checking whether we are cross compiling
configure:2387: result: no
configure:2390: checking for suffix of executables
configure:2397: gcc -o conftest    conftest.c  >&5
configure:2400: $? = 0
configure:2424: result: 
configure:2430: checking for suffix of object files
configure:2456: gcc -c   conftest.c >&5
configure:2459: $? = 0
configure:2482: result: o
configure:2486: checking whether we are using the GNU C compiler
configure:2515: gcc -c   conftest.c >&5
configure:2521: $? = 0
configure:2538: result: yes
configure:2543: checking whether gcc accepts -g
configure:2573: gcc -c -g  conftest.c >&5
configure:2579: $? = 0
configure:2678: result: yes
configure:2695: checking for gcc option to accept ISO C89
configure:2769: gcc  -c -g -O2  conftest.c >&5
configure:2775: $? = 0
configure:2798: result: none needed
configure:2874: checking for g++
configure:2890: found /usr/bin/g++
configure:2901: result: g++
configure:2932: checking for C++ compiler version
configure:2939: g++ --version >&5
i686-apple-darwin11-llvm-g++-4.2 (GCC) 4.2.1 (Based on Apple Inc. build 5658) (LLVM build 2336.11.00)
Copyright (C) 2007 Free Software Foundation, Inc.
This is free software; see the source for copying conditions.  There is NO
warranty; not even for MERCHANTABILITY or FITNESS FOR A PARTICULAR PURPOSE.

configure:2942: $? = 0
configure:2949: g++ -v >&5
Using built-in specs.
Target: i686-apple-darwin11
Configured with: /private/var/tmp/llvmgcc42/llvmgcc42-2336.11~182/src/configure --disable-checking --enable-werror --prefix=/Applications/Xcode.app/Contents/Developer/usr/llvm-gcc-4.2 --mandir=/share/man --enable-languages=c,objc,c++,obj-c++ --program-prefix=llvm- --program-transform-name=/^[cg][^.-]*$/s/$/-4.2/ --with-slibdir=/usr/lib --build=i686-apple-darwin11 --enable-llvm=/private/var/tmp/llvmgcc42/llvmgcc42-2336.11~182/dst-llvmCore/Developer/usr/local --program-prefix=i686-apple-darwin11- --host=x86_64-apple-darwin11 --target=i686-apple-darwin11 --with-gxx-include-dir=/usr/include/c++/4.2.1
Thread model: posix
gcc version 4.2.1 (Based on Apple Inc. build 5658) (LLVM build 2336.11.00)
configure:2952: $? = 0
configure:2959: g++ -V >&5
llvm-g++-4.2: argument to `-V' is missing
configure:2962: $? = 1
configure:2965: checking whether we are using the GNU C++ compiler
configure:2994: g++ -c   conftest.cpp >&5
configure:3000: $? = 0
configure:3017: result: yes
configure:3022: checking whether g++ accepts -g
configure:3052: g++ -c -g  conftest.cpp >&5
configure:3058: $? = 0
configure:3157: result: yes
configure:3188: checking how to run the C preprocessor
configure:3228: gcc -E  conftest.c
configure:3234: $? = 0
configure:3265: gcc -E  conftest.c
conftest.c:8:28: error: ac_nonexistent.h: No such file or directory
configure:3271: $? = 1
configure: failed program was:
| /* confdefs.h.  */
| #define PACKAGE_NAME "RTcmix"
| #define PACKAGE_TARNAME "rtcmix"
| #define PACKAGE_VERSION "4.0"
| #define PACKAGE_STRING "RTcmix 4.0"
| #define PACKAGE_BUGREPORT ""
| /* end confdefs.h.  */
| #include <ac_nonexistent.h>
configure:3304: result: gcc -E
configure:3333: gcc -E  conftest.c
configure:3339: $? = 0
configure:3370: gcc -E  conftest.c
conftest.c:8:28: error: ac_nonexistent.h: No such file or directory
configure:3376: $? = 1
configure: failed program was:
| /* confdefs.h.  */
| #define PACKAGE_NAME "RTcmix"
| #define PACKAGE_TARNAME "rtcmix"
| #define PACKAGE_VERSION "4.0"
| #define PACKAGE_STRING "RTcmix 4.0"
| #define PACKAGE_BUGREPORT ""
| /* end confdefs.h.  */
| #include <ac_nonexistent.h>
configure:3414: checking for X
configure:3529: gcc -E  conftest.c
conftest.c:8:22: error: X11/Xlib.h: No such file or directory
configure:3535: $? = 1
configure: failed program was:
| /* confdefs.h.  */
| #define PACKAGE_NAME "RTcmix"
| #define PACKAGE_TARNAME "rtcmix"
| #define PACKAGE_VERSION "4.0"
| #define PACKAGE_STRING "RTcmix 4.0"
| #define PACKAGE_BUGREPORT ""
| /* end confdefs.h.  */
| #include <X11/Xlib.h>
configure:3584: gcc -o conftest -g -O2   conftest.c -lX11  >&5
conftest.c:8:22: error: X11/Xlib.h: No such file or directory
configure:3590: $? = 1
configure: failed program was:
| /* confdefs.h.  */
| #define PACKAGE_NAME "RTcmix"
| #define PACKAGE_TARNAME "rtcmix"
| #define PACKAGE_VERSION "4.0"
| #define PACKAGE_STRING "RTcmix 4.0"
| #define PACKAGE_BUGREPORT ""
| /* end confdefs.h.  */
| #include <X11/Xlib.h>
| int
| main ()
| {
| XrmInitialize ()
|   ;
|   return 0;
| }
configure:3649: result: libraries /usr/X11/lib, headers /usr/X11/include
configure:3656: checking for grep that handles long lines and -e
configure:3730: result: /usr/bin/grep
configure:3735: checking for egrep
configure:3813: result: /usr/bin/grep -E
configure:3818: checking for ANSI C header files
configure:3848: gcc -c -g -O2  conftest.c >&5
configure:3854: $? = 0
configure:3953: gcc -o conftest -g -O2   conftest.c  >&5
configure:3956: $? = 0
configure:3962: ./conftest
configure:3965: $? = 0
configure:3982: result: yes
configure:4006: checking for sys/types.h
configure:4027: gcc -c -g -O2  conftest.c >&5
configure:4033: $? = 0
configure:4049: result: yes
configure:4006: checking for sys/stat.h
configure:4027: gcc -c -g -O2  conftest.c >&5
configure:4033: $? = 0
configure:4049: result: yes
configure:4006: checking for stdlib.h
configure:4027: gcc -c -g -O2  conftest.c >&5
configure:4033: $? = 0
configure:4049: result: yes
configure:4006: checking for string.h
configure:4027: gcc -c -g -O2  conftest.c >&5
configure:4033: $? = 0
configure:4049: result: yes
configure:4006: checking for memory.h
configure:4027: gcc -c -g -O2  conftest.c >&5
configure:4033: $? = 0
configure:4049: result: yes
configure:4006: checking for strings.h
configure:4027: gcc -c -g -O2  conftest.c >&5
configure:4033: $? = 0
configure:4049: result: yes
configure:4006: checking for inttypes.h
configure:4027: gcc -c -g -O2  conftest.c >&5
configure:4033: $? = 0
configure:4049: result: yes
configure:4006: checking for stdint.h
configure:4027: gcc -c -g -O2  conftest.c >&5
configure:4033: $? = 0
configure:4049: result: yes
configure:4006: checking for unistd.h
configure:4027: gcc -c -g -O2  conftest.c >&5
configure:4033: $? = 0
configure:4049: result: yes
configure:4096: checking fcntl.h usability
configure:4113: gcc -c -g -O2  conftest.c >&5
configure:4119: $? = 0
configure:4133: result: yes
configure:4137: checking fcntl.h presence
configure:4152: gcc -E  conftest.c
configure:4158: $? = 0
configure:4172: result: yes
configure:4200: checking for fcntl.h
configure:4208: result: yes
configure:4096: checking float.h usability
configure:4113: gcc -c -g -O2  conftest.c >&5
configure:4119: $? = 0
configure:4133: result: yes
configure:4137: checking float.h presence
configure:4152: gcc -E  conftest.c
configure:4158: $? = 0
configure:4172: result: yes
configure:4200: checking for float.h
configure:4208: result: yes
configure:4096: checking limits.h usability
configure:4113: gcc -c -g -O2  conftest.c >&5
configure:4119: $? = 0
configure:4133: result: yes
configure:4137: checking limits.h presence
configure:4152: gcc -E  conftest.c
configure:4158: $? = 0
configure:4172: result: yes
configure:4200: checking for limits.h
configure:4208: result: yes
configure:4096: checking mach/mach.h usability
configure:4113: gcc -c -g -O2  conftest.c >&5
configure:4119: $? = 0
configure:4133: result: yes
configure:4137: checking mach/mach.h presence
configure:4152: gcc -E  conftest.c
configure:4158: $? = 0
configure:4172: result: yes
configure:4200: checking for mach/mach.h
configure:4208: result: yes
configure:4096: checking netdb.h usability
configure:4113: gcc -c -g -O2  conftest.c >&5
configure:4119: $? = 0
configure:4133: result: yes
configure:4137: checking netdb.h presence
configure:4152: gcc -E  conftest.c
configure:4158: $? = 0
configure:4172: result: yes
configure:4200: checking for netdb.h
configure:4208: result: yes
configure:4096: checking netinet/in.h usability
configure:4113: gcc -c -g -O2  conftest.c >&5
configure:4119: $? = 0
configure:4133: result: yes
configure:4137: checking netinet/in.h presence
configure:4152: gcc -E  conftest.c
configure:4158: $? = 0
configure:4172: result: yes
configure:4200: checking for netinet/in.h
configure:4208: result: yes
configure:4096: checking stddef.h usability
configure:4113: gcc -c -g -O2  conftest.c >&5
configure:4119: $? = 0
configure:4133: result: yes
configure:4137: checking stddef.h presence
configure:4152: gcc -E  conftest.c
configure:4158: $? = 0
configure:4172: result: yes
configure:4200: checking for stddef.h
configure:4208: result: yes
configure:4086: checking for stdint.h
configure:4092: result: yes
configure:4086: checking for stdlib.h
configure:4092: result: yes
configure:4086: checking for string.h
configure:4092: result: yes
configure:4086: checking for strings.h
configure:4092: result: yes
configure:4096: checking sys/file.h usability
configure:4113: gcc -c -g -O2  conftest.c >&5
configure:4119: $? = 0
configure:4133: result: yes
configure:4137: checking sys/file.h presence
configure:4152: gcc -E  conftest.c
configure:4158: $? = 0
configure:4172: result: yes
configure:4200: checking for sys/file.h
configure:4208: result: yes
configure:4096: checking sys/ioctl.h usability
configure:4113: gcc -c -g -O2  conftest.c >&5
configure:4119: $? = 0
configure:4133: result: yes
configure:4137: checking sys/ioctl.h presence
configure:4152: gcc -E  conftest.c
configure:4158: $? = 0
configure:4172: result: yes
configure:4200: checking for sys/ioctl.h
configure:4208: result: yes
configure:4096: checking sys/param.h usability
configure:4113: gcc -c -g -O2  conftest.c >&5
configure:4119: $? = 0
configure:4133: result: yes
configure:4137: checking sys/param.h presence
configure:4152: gcc -E  conftest.c
configure:4158: $? = 0
configure:4172: result: yes
configure:4200: checking for sys/param.h
configure:4208: result: yes
configure:4096: checking sys/socket.h usability
configure:4113: gcc -c -g -O2  conftest.c >&5
configure:4119: $? = 0
configure:4133: result: yes
configure:4137: checking sys/socket.h presence
configure:4152: gcc -E  conftest.c
configure:4158: $? = 0
configure:4172: result: yes
configure:4200: checking for sys/socket.h
configure:4208: result: yes
configure:4096: checking sys/time.h usability
configure:4113: gcc -c -g -O2  conftest.c >&5
configure:4119: $? = 0
configure:4133: result: yes
configure:4137: checking sys/time.h presence
configure:4152: gcc -E  conftest.c
configure:4158: $? = 0
configure:4172: result: yes
configure:4200: checking for sys/time.h
configure:4208: result: yes
configure:4096: checking termios.h usability
configure:4113: gcc -c -g -O2  conftest.c >&5
configure:4119: $? = 0
configure:4133: result: yes
configure:4137: checking termios.h presence
configure:4152: gcc -E  conftest.c
configure:4158: $? = 0
configure:4172: result: yes
configure:4200: checking for termios.h
configure:4208: result: yes
configure:4086: checking for unistd.h
configure:4092: result: yes
configure:4096: checking values.h usability
configure:4113: gcc -c -g -O2  conftest.c >&5
conftest.c:69:20: error: values.h: No such file or directory
configure:4119: $? = 1
configure: failed program was:
| /* confdefs.h.  */
| #define PACKAGE_NAME "RTcmix"
| #define PACKAGE_TARNAME "rtcmix"
| #define PACKAGE_VERSION "4.0"
| #define PACKAGE_STRING "RTcmix 4.0"
| #define PACKAGE_BUGREPORT ""
| #define STDC_HEADERS 1
| #define HAVE_SYS_TYPES_H 1
| #define HAVE_SYS_STAT_H 1
| #define HAVE_STDLIB_H 1
| #define HAVE_STRING_H 1
| #define HAVE_MEMORY_H 1
| #define HAVE_STRINGS_H 1
| #define HAVE_INTTYPES_H 1
| #define HAVE_STDINT_H 1
| #define HAVE_UNISTD_H 1
| #define HAVE_FCNTL_H 1
| #define HAVE_FLOAT_H 1
| #define HAVE_LIMITS_H 1
| #define HAVE_MACH_MACH_H 1
| #define HAVE_NETDB_H 1
| #define HAVE_NETINET_IN_H 1
| #define HAVE_STDDEF_H 1
| #define HAVE_STDINT_H 1
| #define HAVE_STDLIB_H 1
| #define HAVE_STRING_H 1
| #define HAVE_STRINGS_H 1
| #define HAVE_SYS_FILE_H 1
| #define HAVE_SYS_IOCTL_H 1
| #define HAVE_SYS_PARAM_H 1
| #define HAVE_SYS_SOCKET_H 1
| #define HAVE_SYS_TIME_H 1
| #define HAVE_TERMIOS_H 1
| #define HAVE_UNISTD_H 1
| /* end confdefs.h.  */
| #include <stdio.h>
| #ifdef HAVE_SYS_TYPES_H
| # include <sys/types.h>
| #endif
| #ifdef HAVE_SYS_STAT_H
| # include <sys/stat.h>
| #endif
| #ifdef STDC_HEADERS
| # include <stdlib.h>
| # include <stddef.h>
| #else
| # ifdef HAVE_STDLIB_H
| #  include <stdlib.h>
| # endif
| #endif
| #ifdef HAVE_STRING_H
| # if !defined STDC_HEADERS && defined HAVE_MEMORY_H
| #  include <memory.h>
| # endif
| # include <string.h>
| #endif
| #ifdef HAVE_STRINGS_H
| # include <strings.h>
| #endif
| #ifdef HAVE_INTTYPES_H
| # include <inttypes.h>
| #endif
| #ifdef HAVE_STDINT_H
| # include <stdint.h>
| #endif
| #ifdef HAVE_UNISTD_H
| # include <unistd.h>
| #endif
| #include <values.h>
configure:4133: result: no
configure:4137: checking values.h presence
configure:4152: gcc -E  conftest.c
conftest.c:36:20: error: values.h: No such file or directory
configure:4158: $? = 1
configure: failed program was:
| /* confdefs.h.  */
| #define PACKAGE_NAME "RTcmix"
| #define PACKAGE_TARNAME "rtcmix"
| #define PACKAGE_VERSION "4.0"
| #define PACKAGE_STRING "RTcmix 4.0"
| #define PACKAGE_BUGREPORT ""
| #define STDC_HEADERS 1
| #define HAVE_SYS_TYPES_H 1
| #define HAVE_SYS_STAT_H 1
| #define HAVE_STDLIB_H 1
| #define HAVE_STRING_H 1
| #define HAVE_MEMORY_H 1
| #define HAVE_STRINGS_H 1
| #define HAVE_INTTYPES_H 1
| #define HAVE_STDINT_H 1
| #define HAVE_UNISTD_H 1
| #define HAVE_FCNTL_H 1
| #define HAVE_FLOAT_H 1
| #define HAVE_LIMITS_H 1
| #define HAVE_MACH_MACH_H 1
| #define HAVE_NETDB_H 1
| #define HAVE_NETINET_IN_H 1
| #define HAVE_STDDEF_H 1
| #define HAVE_STDINT_H 1
| #define HAVE_STDLIB_H 1
| #define HAVE_STRING_H 1
| #define HAVE_STRINGS_H 1
| #define HAVE_SYS_FILE_H 1
| #define HAVE_SYS_IOCTL_H 1
| #define HAVE_SYS_PARAM_H 1
| #define HAVE_SYS_SOCKET_H 1
| #define HAVE_SYS_TIME_H 1
| #define HAVE_TERMIOS_H 1
| #define HAVE_UNISTD_H 1
| /* end confdefs.h.  */
| #include <values.h>
configure:4172: result: no
configure:4200: checking for values.h
configure:4208: result: no
configure:4298: gcc -o conftest -m64   conftest.c  >&5
configure:4301: $? = 0
configure:4307: ./conftest
configure:4310: $? = 0
configure:4355: gcc -o conftest -m32   conftest.c  >&5
configure:4358: $? = 0
configure:4364: ./conftest
configure:4367: $? = 0
configure:5332: creating ./config.status

## ---------------------- ##
## Running config.status. ##
## ---------------------- ##

This file was extended by RTcmix config.status 4.0, which was
generated by GNU Autoconf 2.61.  Invocation command line was

  CONFIG_FILES    = 
  CONFIG_HEADERS  = 
  CONFIG_LINKS    = 
  CONFIG_COMMANDS = 
  $ ./config.status 

on woofing

config.status:629: creating makefile.conf
config.status:629: creating defs.conf
config.status:760: WARNING:  defs.conf.in seems to ignore the --datarootdir setting
config.status:629: creating config.h
config.status:860: config.h is unchanged

## ---------------- ##
## Cache variables. ##
## ---------------- ##

ac_cv_build=i686-apple-darwin12.4.0
ac_cv_c_compiler_gnu=yes
ac_cv_cxx_compiler_gnu=yes
ac_cv_env_CCC_set=
ac_cv_env_CCC_value=
ac_cv_env_CC_set=
ac_cv_env_CC_value=
ac_cv_env_CFLAGS_set=
ac_cv_env_CFLAGS_value=
ac_cv_env_CPPFLAGS_set=
ac_cv_env_CPPFLAGS_value=
ac_cv_env_CPP_set=
ac_cv_env_CPP_value=
ac_cv_env_CXXFLAGS_set=
ac_cv_env_CXXFLAGS_value=
ac_cv_env_CXX_set=
ac_cv_env_CXX_value=
ac_cv_env_LDFLAGS_set=
ac_cv_env_LDFLAGS_value=
ac_cv_env_LIBS_set=
ac_cv_env_LIBS_value=
ac_cv_env_XMKMF_set=
ac_cv_env_XMKMF_value=
ac_cv_env_build_alias_set=
ac_cv_env_build_alias_value=
ac_cv_env_host_alias_set=
ac_cv_env_host_alias_value=
ac_cv_env_target_alias_set=
ac_cv_env_target_alias_value=
ac_cv_have_x='have_x=yes	ac_x_includes='\''/usr/X11/include'\''	ac_x_libraries='\''/usr/X11/lib'\'''
ac_cv_header_fcntl_h=yes
ac_cv_header_float_h=yes
ac_cv_header_inttypes_h=yes
ac_cv_header_limits_h=yes
ac_cv_header_mach_mach_h=yes
ac_cv_header_memory_h=yes
ac_cv_header_netdb_h=yes
ac_cv_header_netinet_in_h=yes
ac_cv_header_stdc=yes
ac_cv_header_stddef_h=yes
ac_cv_header_stdint_h=yes
ac_cv_header_stdlib_h=yes
ac_cv_header_string_h=yes
ac_cv_header_strings_h=yes
ac_cv_header_sys_file_h=yes
ac_cv_header_sys_ioctl_h=yes
ac_cv_header_sys_param_h=yes
ac_cv_header_sys_socket_h=yes
ac_cv_header_sys_stat_h=yes
ac_cv_header_sys_time_h=yes
ac_cv_header_sys_types_h=yes
ac_cv_header_termios_h=yes
ac_cv_header_unistd_h=yes
ac_cv_header_values_h=no
ac_cv_host=i686-apple-darwin12.4.0
ac_cv_objext=o
ac_cv_path_EGREP='/usr/bin/grep -E'
ac_cv_path_GREP=/usr/bin/grep
ac_cv_prog_CPP='gcc -E'
ac_cv_prog_ac_ct_CC=gcc
ac_cv_prog_ac_ct_CXX=g++
ac_cv_prog_cc_c89=
ac_cv_prog_cc_g=yes
ac_cv_prog_cxx_g=yes

## ----------------- ##
## Output variables. ##
## ----------------- ##

ARCH='MACOSX'
ARCH_BITFLAGS='-m64 '
AUDIODRIVER='AUTO'
BUILD_ARCH='x86_64'
CC='gcc'
CFLAGS='-g -O2'
CMIXDIR='/Users/brad/RTcmix'
CPP='gcc -E'
CPPFLAGS=''
CXX='g++'
CXXFLAGS='-g -O2'
DEFS='-DHAVE_CONFIG_H'
ECHO_C='ECHO_N=''
ECHO_T=''
EGREP='/usr/bin/grep -E'
EXEEXT=''
FFTW_CFLAGS=''
FFTW_LIBS=''
FFTW_SUPPORT='FALSE'
GREP='/usr/bin/grep'
HTMLDESTDIR='/Users/brad/RTcmix/docs/html'
JACK_CFLAGS=''
JACK_LIBS=''
JACK_SUPPORT='FALSE'
LDFLAGS=''
LIBLO_CFLAGS=''
LIBLO_LIBS=''
LIBOBJS=''
LIBS=''
LTLIBOBJS=''
MULTI_THREAD_SUPPORT='FALSE'
NPLAY_SUPPORT='FALSE'
OBJEXT='o'
OSC_SUPPORT='FALSE'
PACKAGE_BUGREPORT=''
PACKAGE_NAME='RTcmix'
PACKAGE_STRING='RTcmix 4.0'
PACKAGE_TARNAME='rtcmix'
PACKAGE_VERSION='4.0'
PATH_SEPARATOR=':'
PERL='perl'
PERL_IN_LOCAL='FALSE'
PERL_SUPPORT='FALSE'
PKG_CONFIG=''
PYTHON='python'
PYTHON_SUPPORT='FALSE'
SHELL='/bin/sh'
THREAD_COUNT='2'
XMKMF=''
ac_ct_CC='gcc'
ac_ct_CXX='g++'
bindir='${exec_prefix}/bin'
build='i686-apple-darwin12.4.0'
build_alias=''
build_cpu='i686'
build_os='darwin12.4.0'
build_vendor='apple'
datadir='${datarootdir}'
datarootdir='${prefix}/share'
docdir='${datarootdir}/doc/${PACKAGE_TARNAME}'
dvidir='${docdir}'
exec_prefix='${prefix}'
host='i686-apple-darwin12.4.0'
host_alias=''
host_cpu='i686'
host_os='darwin12.4.0'
host_vendor='apple'
htmldir='${docdir}'
includedir='${prefix}/include'
infodir='${datarootdir}/info'
libdir='${exec_prefix}/lib'
libexecdir='${exec_prefix}/libexec'
localedir='${datarootdir}/locale'
localstatedir='${prefix}/var'
mandir='${datarootdir}/man'
oldincludedir='/usr/include'
pdfdir='${docdir}'
prefix='/usr/local'
program_transform_name='s,x,x,'
psdir='${docdir}'
sbindir='${exec_prefix}/sbin'
sharedstatedir='${prefix}/com'
sysconfdir='${prefix}/etc'
target_alias=''
x_libraries='/usr/X11/lib'

## ----------- ##
## confdefs.h. ##
## ----------- ##

#define PACKAGE_NAME "RTcmix"
#define PACKAGE_TARNAME "rtcmix"
#define PACKAGE_VERSION "4.0"
#define PACKAGE_STRING "RTcmix 4.0"
#define PACKAGE_BUGREPORT ""
#define STDC_HEADERS 1
#define HAVE_SYS_TYPES_H 1
#define HAVE_SYS_STAT_H 1
#define HAVE_STDLIB_H 1
#define HAVE_STRING_H 1
#define HAVE_MEMORY_H 1
#define HAVE_STRINGS_H 1
#define HAVE_INTTYPES_H 1
#define HAVE_STDINT_H 1
#define HAVE_UNISTD_H 1
#define HAVE_FCNTL_H 1
#define HAVE_FLOAT_H 1
#define HAVE_LIMITS_H 1
#define HAVE_MACH_MACH_H 1
#define HAVE_NETDB_H 1
#define HAVE_NETINET_IN_H 1
#define HAVE_STDDEF_H 1
#define HAVE_STDINT_H 1
#define HAVE_STDLIB_H 1
#define HAVE_STRING_H 1
#define HAVE_STRINGS_H 1
#define HAVE_SYS_FILE_H 1
#define HAVE_SYS_IOCTL_H 1
#define HAVE_SYS_PARAM_H 1
#define HAVE_SYS_SOCKET_H 1
#define HAVE_SYS_TIME_H 1
#define HAVE_TERMIOS_H 1
#define HAVE_UNISTD_H 1

configure: exit 0
